{"/Users/vincent/Documents/Vincent/vue-simple-drawer/src/index.vue": {"path":"/Users/vincent/Documents/Vincent/vue-simple-drawer/src/index.vue","statementMap":{"0":{"start":{"line":39,"column":0},"end":{"line":null,"column":-1}},"1":{"start":{"line":57,"column":0},"end":{"line":null,"column":-1}},"2":{"start":{"line":62,"column":0},"end":{"line":null,"column":-1}},"3":{"start":{"line":72,"column":0},"end":{"line":null,"column":-1}},"4":{"start":{"line":75,"column":0},"end":{"line":77,"column":0}},"5":{"start":{"line":76,"column":0},"end":{"line":null,"column":-1}},"6":{"start":{"line":80,"column":0},"end":{"line":null,"column":-1}},"7":{"start":{"line":87,"column":0},"end":{"line":null,"column":-1}},"8":{"start":{"line":90,"column":0},"end":{"line":null,"column":-1}},"9":{"start":{"line":93,"column":0},"end":{"line":null,"column":-1}},"10":{"start":{"line":96,"column":0},"end":{"line":null,"column":-1}}},"fnMap":{"0":{"name":"(anonymous_1)","decl":{"start":{"line":37,"column":0},"end":{"line":null,"column":-1}},"loc":{"start":{"line":37,"column":0},"end":{"line":40,"column":0}}}},"branchMap":{"0":{"loc":{"start":{"line":75,"column":0},"end":{"line":77,"column":0}},"type":"if","locations":[{"start":{"line":75,"column":0},"end":{"line":77,"column":0}},{"start":{"line":75,"column":0},"end":{"line":77,"column":0}}]},"1":{"loc":{"start":{"line":79,"column":0},"end":{"line":null,"column":-1}},"type":"default-arg","locations":[{"start":{"line":79,"column":0},"end":{"line":null,"column":-1}}]},"2":{"loc":{"start":{"line":96,"column":0},"end":{"line":null,"column":-1}},"type":"binary-expr","locations":[{"start":{"line":96,"column":0},"end":{"line":null,"column":-1}},{"start":{"line":96,"column":0},"end":{"line":null,"column":-1}}]}},"s":{"0":8,"1":7,"2":8,"3":2,"4":2,"5":1,"6":16,"7":8,"8":8,"9":1,"10":8},"f":{"0":8},"b":{"0":[1,1],"1":[16],"2":[8,0]}}
}
