TN:
SF:/Users/vincent/Documents/Vincent/vue-simple-drawer/src/App.vue
FN:75,(anonymous_2)
FNF:1
FNH:0
FNDA:0,(anonymous_2)
DA:52,0
DA:53,0
DA:57,0
DA:68,0
DA:71,0
DA:76,0
LF:6
LH:0
BRF:0
BRH:0
end_of_record
TN:
SF:/Users/vincent/Documents/Vincent/vue-simple-drawer/src/index.vue
FN:37,(anonymous_1)
FNF:1
FNH:1
FNDA:8,(anonymous_1)
DA:39,8
DA:57,7
DA:62,8
DA:72,2
DA:75,2
DA:76,1
DA:80,16
DA:87,8
DA:90,8
DA:93,1
DA:96,8
LF:11
LH:11
BRDA:75,0,0,1
BRDA:75,0,1,1
BRDA:79,1,0,16
BRDA:96,2,0,8
BRDA:96,2,1,0
BRF:5
BRH:4
end_of_record
